2019-02-13 21:33:41,855 - invest - ERROR - this is error  - [logger.py:33]
2019-02-13 21:33:41,893 - LoginTest - INFO - 开始执行第1用例 - [test_login.py:35]
2019-02-13 21:33:42,016 - LoginTest - ERROR - 第1用例执行结果：FAIL - [test_login.py:46]
2019-02-13 21:33:42,021 - LoginTest - INFO - 开始执行第2用例 - [test_login.py:35]
2019-02-13 21:33:42,118 - LoginTest - ERROR - 第2用例执行结果：FAIL - [test_login.py:46]
2019-02-13 21:33:42,122 - LoginTest - INFO - 开始执行第3用例 - [test_login.py:35]
2019-02-13 21:33:42,217 - LoginTest - ERROR - 第3用例执行结果：FAIL - [test_login.py:46]
2019-02-13 21:33:42,220 - LoginTest - INFO - 开始执行第4用例 - [test_login.py:35]
2019-02-13 21:33:42,309 - LoginTest - ERROR - 第4用例执行结果：FAIL - [test_login.py:46]
2019-02-14 01:03:08,414 - invest - ERROR - this is error  - [logger.py:37]
2019-02-14 01:03:15,134 - LoginTest - INFO - 开始执行第1用例 - [test_login.py:35]
2019-02-14 01:07:56,514 - invest - ERROR - this is error  - [logger.py:37]
2019-02-14 01:07:56,543 - LoginTest - INFO - 开始执行第1用例 - [test_login.py:35]
2019-02-14 01:07:56,659 - LoginTest - INFO - 开始执行第2用例 - [test_login.py:35]
2019-02-14 01:07:56,721 - LoginTest - INFO - 开始执行第3用例 - [test_login.py:35]
2019-02-14 01:07:56,778 - LoginTest - INFO - 开始执行第4用例 - [test_login.py:35]
2019-02-14 01:08:33,016 - invest - ERROR - this is error  - [logger.py:37]
2019-02-14 01:08:33,110 - LoginTest - INFO - 开始执行第1用例 - [test_login.py:35]
2019-02-14 01:09:16,122 - invest - ERROR - this is error  - [logger.py:37]
2019-02-14 01:09:16,169 - LoginTest - INFO - 开始执行第1用例 - [test_login.py:35]
2019-02-14 01:09:16,278 - LoginTest - INFO - 第1用例执行结果：PASS - [test_login.py:43]
2019-02-14 01:09:16,278 - LoginTest - INFO - 开始执行第2用例 - [test_login.py:35]
2019-02-14 01:09:16,369 - LoginTest - INFO - 第2用例执行结果：PASS - [test_login.py:43]
2019-02-14 01:09:16,369 - LoginTest - INFO - 开始执行第3用例 - [test_login.py:35]
2019-02-14 01:09:16,422 - LoginTest - INFO - 第3用例执行结果：PASS - [test_login.py:43]
2019-02-14 01:09:16,422 - LoginTest - INFO - 开始执行第4用例 - [test_login.py:35]
2019-02-14 01:09:16,485 - LoginTest - INFO - 第4用例执行结果：PASS - [test_login.py:43]
2019-02-14 01:22:58,558 - invest - ERROR - this is error  - [logger.py:37]
2019-02-14 01:23:11,345 - LoginTest - INFO - 开始执行第1用例 - [test_login.py:35]
2019-02-14 01:23:11,445 - LoginTest - INFO - 第1用例执行结果：PASS - [test_login.py:43]
2019-02-14 01:23:11,445 - LoginTest - INFO - 开始执行第2用例 - [test_login.py:35]
2019-02-14 01:23:11,498 - LoginTest - INFO - 第2用例执行结果：PASS - [test_login.py:43]
2019-02-14 01:23:11,498 - LoginTest - INFO - 开始执行第3用例 - [test_login.py:35]
2019-02-14 01:23:11,561 - LoginTest - INFO - 第3用例执行结果：PASS - [test_login.py:43]
2019-02-14 01:23:11,561 - LoginTest - INFO - 开始执行第4用例 - [test_login.py:35]
2019-02-14 01:23:11,630 - LoginTest - INFO - 第4用例执行结果：PASS - [test_login.py:43]
2019-02-16 09:42:38,141 - invest - ERROR - this is error  - [logger.py:47]
2019-02-16 09:42:38,141 - invest - INFO - this is info  - [logger.py:48]
2019-02-16 09:49:41,380 - invest - ERROR - this is error  - [logger.py:47]
2019-02-16 09:49:41,380 - invest - INFO - this is info  - [logger.py:48]
2019-02-16 09:57:43,207 - case - INFO - 开始执行第1用例 - [test_login.py:34]
2019-02-16 09:57:43,209 - request - INFO - method: GET  url: http://test.lemonban.com/futureloan/mvc/api/member/login - [request.py:29]
2019-02-16 09:57:43,210 - request - INFO - data: {'mobilephone': '15810447656', 'pwd': '123456'} - [request.py:30]
2019-02-16 09:57:43,357 - case - INFO - 第1用例执行结果：PASS - [test_login.py:42]
2019-02-16 09:57:43,358 - case - INFO - 开始执行第2用例 - [test_login.py:34]
2019-02-16 09:57:43,360 - request - INFO - method: POST  url: http://test.lemonban.com/futureloan/mvc/api/member/login - [request.py:29]
2019-02-16 09:57:43,361 - request - INFO - data: {'mobilephone': '15800447656', 'pwd': '12345678'} - [request.py:30]
2019-02-16 09:57:43,398 - request - INFO - response: {"status":0,"code":"20111","data":null,"msg":"用户名或密码错误"} - [request.py:38]
2019-02-16 09:57:43,455 - case - INFO - 第2用例执行结果：PASS - [test_login.py:42]
2019-02-16 09:57:43,458 - case - INFO - 开始执行第3用例 - [test_login.py:34]
2019-02-16 09:57:43,461 - request - INFO - method: GET  url: http://test.lemonban.com/futureloan/mvc/api/member/login - [request.py:29]
2019-02-16 09:57:43,461 - request - INFO - data: {'mobilephone': '15800447656', 'pwd': ''} - [request.py:30]
2019-02-16 09:57:43,547 - case - INFO - 第3用例执行结果：PASS - [test_login.py:42]
2019-02-16 09:57:43,552 - case - INFO - 开始执行第4用例 - [test_login.py:34]
2019-02-16 09:57:43,554 - request - INFO - method: POST  url: http://test.lemonban.com/futureloan/mvc/api/member/login - [request.py:29]
2019-02-16 09:57:43,555 - request - INFO - data: {'mobilephone': '', 'pwd': '123456'} - [request.py:30]
2019-02-16 09:57:43,583 - request - INFO - response: {"status":0,"code":"20103","data":null,"msg":"手机号不能为空"} - [request.py:38]
2019-02-16 09:57:43,646 - case - INFO - 第4用例执行结果：PASS - [test_login.py:42]
2019-02-16 10:10:03,583 - request - INFO - method: GET  url: http://test.lemonban.com/futureloan/mvc/api/member/login - [request.py:29]
2019-02-16 10:10:03,583 - request - INFO - data: {'mobilephone': '15873171553', 'pwd': '123456'} - [request.py:30]
2019-02-16 10:10:03,703 - request - INFO - method: GET  url: http://test.lemonban.com/futureloan/mvc/api/loan/add - [request.py:29]
2019-02-16 10:10:03,704 - request - INFO - data: {'memberId': '1116521', 'title': '试试人品行不行，借个2W玩玩', 'amount': 20000, 'loanRate': '12.0', 'loanTerm': 3, 'loanDateType': 0, 'repaymemtWay': 11, 'biddingDays': 5} - [request.py:30]
2019-02-16 10:10:03,830 - request - INFO - method: POST  url: http://test.lemonban.com/futureloan/mvc/api/loan/audit - [request.py:29]
2019-02-16 10:10:03,830 - request - INFO - data: {'id': '12423', 'status': 4} - [request.py:30]
2019-02-16 10:10:03,866 - request - INFO - response: {"status":1,"code":"10001","data":null,"msg":"更新状态成功：竞标开始，当前标为竞标中状态"} - [request.py:38]
2019-02-16 10:10:03,932 - request - INFO - method: GET  url: http://test.lemonban.com/futureloan/mvc/api/member/login - [request.py:29]
2019-02-16 10:10:03,933 - request - INFO - data: {'mobilephone': '15810447656', 'pwd': '123456'} - [request.py:30]
2019-02-16 10:10:04,029 - request - INFO - method: POST  url: http://test.lemonban.com/futureloan/mvc/api/member/bidLoan - [request.py:29]
2019-02-16 10:10:04,029 - request - INFO - data: {'memberId': '1112171', 'password': '123456', 'loanId': '12423', 'amount': '100'} - [request.py:30]
2019-02-16 10:10:04,093 - request - INFO - response: {"status":1,"code":"10001","data":null,"msg":"竞标成功"} - [request.py:38]
2019-02-16 10:10:04,142 - request - INFO - method: POST  url: http://test.lemonban.com/futureloan/mvc/api/member/bidLoan - [request.py:29]
2019-02-16 10:10:04,142 - request - INFO - data: {'memberId': '1112171', 'password': '123456', 'loanId': '12423', 'amount': ''} - [request.py:30]
2019-02-16 10:10:04,169 - request - INFO - response: {"status":0,"code":"11003","data":null,"msg":"参数错误:所有参数都不能为空"} - [request.py:38]
2019-02-16 10:10:04,220 - request - INFO - method: POST  url: http://test.lemonban.com/futureloan/mvc/api/member/bidLoan - [request.py:29]
2019-02-16 10:10:04,220 - request - INFO - data: {'memberId': '1112171', 'password': '123456', 'loanId': '12423', 'amount': '-100'} - [request.py:30]
2019-02-16 10:10:04,250 - request - INFO - response: {"status":0,"code":"11007","data":null,"msg":"参数错误，投资金额必须是能被100整除的正整数"} - [request.py:38]
2019-02-16 10:10:04,302 - case - INFO - 开始执行第1用例 - [test_login.py:34]
2019-02-16 10:10:04,302 - case - INFO - 开始执行第1用例 - [test_login.py:34]
2019-02-16 10:10:04,304 - request - INFO - method: GET  url: http://test.lemonban.com/futureloan/mvc/api/member/login - [request.py:29]
2019-02-16 10:10:04,305 - request - INFO - data: {'mobilephone': '15810447656', 'pwd': '123456'} - [request.py:30]
2019-02-16 10:10:04,419 - case - INFO - 第1用例执行结果：PASS - [test_login.py:42]
2019-02-16 10:10:04,419 - case - INFO - 第1用例执行结果：PASS - [test_login.py:42]
2019-02-16 10:10:04,420 - case - INFO - 开始执行第2用例 - [test_login.py:34]
2019-02-16 10:10:04,420 - case - INFO - 开始执行第2用例 - [test_login.py:34]
2019-02-16 10:10:04,423 - request - INFO - method: POST  url: http://test.lemonban.com/futureloan/mvc/api/member/login - [request.py:29]
2019-02-16 10:10:04,423 - request - INFO - data: {'mobilephone': '15800447656', 'pwd': '12345678'} - [request.py:30]
2019-02-16 10:10:04,457 - request - INFO - response: {"status":0,"code":"20111","data":null,"msg":"用户名或密码错误"} - [request.py:38]
2019-02-16 10:10:04,506 - case - INFO - 第2用例执行结果：PASS - [test_login.py:42]
2019-02-16 10:10:04,506 - case - INFO - 第2用例执行结果：PASS - [test_login.py:42]
2019-02-16 10:10:04,507 - case - INFO - 开始执行第3用例 - [test_login.py:34]
2019-02-16 10:10:04,507 - case - INFO - 开始执行第3用例 - [test_login.py:34]
2019-02-16 10:10:04,510 - request - INFO - method: GET  url: http://test.lemonban.com/futureloan/mvc/api/member/login - [request.py:29]
2019-02-16 10:10:04,510 - request - INFO - data: {'mobilephone': '15800447656', 'pwd': ''} - [request.py:30]
2019-02-16 10:10:04,590 - case - INFO - 第3用例执行结果：PASS - [test_login.py:42]
2019-02-16 10:10:04,590 - case - INFO - 第3用例执行结果：PASS - [test_login.py:42]
2019-02-16 10:10:04,591 - case - INFO - 开始执行第4用例 - [test_login.py:34]
2019-02-16 10:10:04,591 - case - INFO - 开始执行第4用例 - [test_login.py:34]
2019-02-16 10:10:04,594 - request - INFO - method: POST  url: http://test.lemonban.com/futureloan/mvc/api/member/login - [request.py:29]
2019-02-16 10:10:04,594 - request - INFO - data: {'mobilephone': '', 'pwd': '123456'} - [request.py:30]
2019-02-16 10:10:04,624 - request - INFO - response: {"status":0,"code":"20103","data":null,"msg":"手机号不能为空"} - [request.py:38]
2019-02-16 10:10:04,668 - case - INFO - 第4用例执行结果：PASS - [test_login.py:42]
2019-02-16 10:10:04,668 - case - INFO - 第4用例执行结果：PASS - [test_login.py:42]
2019-02-16 10:10:04,671 - request - INFO - method: GET  url: http://test.lemonban.com/futureloan/mvc/api/member/login - [request.py:29]
2019-02-16 10:10:04,672 - request - INFO - data: {'mobilephone': '15810447656', 'pwd': '123456'} - [request.py:30]
2019-02-16 10:10:04,769 - request - INFO - method: POST  url: http://test.lemonban.com/futureloan/mvc/api/member/recharge - [request.py:29]
2019-02-16 10:10:04,770 - request - INFO - data: {'mobilephone': '15810447656', 'amount': '100'} - [request.py:30]
2019-02-16 10:10:04,815 - request - INFO - response: {"status":1,"code":"10001","data":{"id":1112171,"regname":"小蜜蜂","pwd":"E10ADC3949BA59ABBE56E057F20F883E","mobilephone":"15810447656","leaveamount":"6100.00","type":"1","regtime":"2018-12-28 21:26:28.0"},"msg":"充值成功"} - [request.py:38]
2019-02-16 10:10:04,867 - request - INFO - method: GET  url: http://test.lemonban.com/futureloan/mvc/api/member/recharge - [request.py:29]
2019-02-16 10:10:04,868 - request - INFO - data: {'mobilephone': '12345678985', 'amount': ''} - [request.py:30]
2019-02-16 10:10:04,945 - request - INFO - method: POST  url: http://test.lemonban.com/futureloan/mvc/api/member/recharge - [request.py:29]
2019-02-16 10:10:04,946 - request - INFO - data: {'mobilephone': '15810447656', 'amount': '33.2222'} - [request.py:30]
2019-02-16 10:10:04,968 - request - INFO - response: {"status":0,"code":"20116","data":null,"msg":"输入金额的金额小数不能超过两位"} - [request.py:38]
2019-02-16 10:10:05,020 - request - INFO - method: POST  url: http://test.lemonban.com/futureloan/mvc/api/member/recharge - [request.py:29]
2019-02-16 10:10:05,020 - request - INFO - data: {'mobilephone': '15810447656', 'amount': '-200'} - [request.py:30]
2019-02-16 10:10:05,043 - request - INFO - response: {"status":0,"code":"20117","data":null,"msg":"请输入范围在0到50万之间的正数金额"} - [request.py:38]
2019-02-16 10:10:15,220 - request - INFO - method: GET  url: http://test.lemonban.com/futureloan/mvc/api/member/register - [request.py:29]
2019-02-16 10:10:15,221 - request - INFO - data: {'mobilephone': 18937477064, 'pwd': '123456'} - [request.py:30]
2019-02-16 10:10:25,510 - request - INFO - method: POST  url: http://test.lemonban.com/futureloan/mvc/api/member/register - [request.py:29]
2019-02-16 10:10:25,510 - request - INFO - data: {'mobilephone': '15800447656', 'pwd': ''} - [request.py:30]
2019-02-16 10:10:25,536 - request - INFO - response: {"status":0,"code":"20103","data":null,"msg":"密码不能为空"} - [request.py:38]
2019-02-16 10:10:27,726 - request - INFO - method: GET  url: http://test.lemonban.com/futureloan/mvc/api/member/register - [request.py:29]
2019-02-16 10:10:27,727 - request - INFO - data: {'mobilephone': '', 'pwd': '12345678'} - [request.py:30]
2019-02-16 10:10:29,935 - request - INFO - method: POST  url: http://test.lemonban.com/futureloan/mvc/api/member/register - [request.py:29]
2019-02-16 10:10:29,935 - request - INFO - data: {'mobilephone': '13800000000', 'pwd': '12345678'} - [request.py:30]
2019-02-16 10:10:29,965 - request - INFO - response: {"status":0,"code":"20110","data":null,"msg":"手机号码已被注册"} - [request.py:38]
2019-02-16 10:31:55,670 - request - INFO - method: GET  url: http://test.lemonban.com/futureloan/mvc/api/member/login - [request.py:29]
2019-02-16 10:31:55,670 - request - INFO - data: {'mobilephone': '15873171553', 'pwd': '123456'} - [request.py:30]
2019-02-16 10:32:01,326 - request - INFO - method: GET  url: http://test.lemonban.com/futureloan/mvc/api/loan/add - [request.py:29]
2019-02-16 10:32:01,328 - request - INFO - data: {'memberId': '1116521', 'title': '试试人品行不行，借个2W玩玩', 'amount': 20000, 'loanRate': '12.0', 'loanTerm': 3, 'loanDateType': 0, 'repaymemtWay': 11, 'biddingDays': 5} - [request.py:30]
2019-02-16 10:32:01,537 - request - INFO - method: POST  url: http://test.lemonban.com/futureloan/mvc/api/loan/audit - [request.py:29]
2019-02-16 10:32:01,538 - request - INFO - data: {'id': '12424', 'status': 4} - [request.py:30]
2019-02-16 10:32:01,611 - request - INFO - response: {"status":1,"code":"10001","data":null,"msg":"更新状态成功：竞标开始，当前标为竞标中状态"} - [request.py:38]
2019-02-16 10:32:01,750 - request - INFO - method: GET  url: http://test.lemonban.com/futureloan/mvc/api/member/login - [request.py:29]
2019-02-16 10:32:01,751 - request - INFO - data: {'mobilephone': '15810447656', 'pwd': '123456'} - [request.py:30]
2019-02-16 10:32:01,910 - request - INFO - method: POST  url: http://test.lemonban.com/futureloan/mvc/api/member/bidLoan - [request.py:29]
2019-02-16 10:32:01,910 - request - INFO - data: {'memberId': '1112171', 'password': '123456', 'loanId': '12424', 'amount': '100'} - [request.py:30]
2019-02-16 10:32:01,977 - request - INFO - response: {"status":1,"code":"10001","data":null,"msg":"竞标成功"} - [request.py:38]
2019-02-16 10:32:02,128 - request - INFO - method: POST  url: http://test.lemonban.com/futureloan/mvc/api/member/bidLoan - [request.py:29]
2019-02-16 10:32:02,129 - request - INFO - data: {'memberId': '1112171', 'password': '123456', 'loanId': '12424', 'amount': ''} - [request.py:30]
2019-02-16 10:32:02,160 - request - INFO - response: {"status":0,"code":"11003","data":null,"msg":"参数错误:所有参数都不能为空"} - [request.py:38]
2019-02-16 10:32:02,302 - request - INFO - method: POST  url: http://test.lemonban.com/futureloan/mvc/api/member/bidLoan - [request.py:29]
2019-02-16 10:32:02,303 - request - INFO - data: {'memberId': '1112171', 'password': '123456', 'loanId': '12424', 'amount': '-100'} - [request.py:30]
2019-02-16 10:32:02,338 - request - INFO - response: {"status":0,"code":"11007","data":null,"msg":"参数错误，投资金额必须是能被100整除的正整数"} - [request.py:38]
2019-02-16 11:25:12,450 - request - INFO - method: GET  url: http://test.lemonban.com/futureloan/mvc/api/member/login - [request.py:29]
2019-02-16 11:25:12,451 - request - INFO - data: {'mobilephone': '15873171553', 'pwd': '123456'} - [request.py:30]
2019-02-16 11:25:12,617 - request - INFO - method: GET  url: http://test.lemonban.com/futureloan/mvc/api/loan/add - [request.py:29]
2019-02-16 11:25:12,619 - request - INFO - data: {'memberId': '1116521', 'title': '试试人品行不行，借个2W玩玩', 'amount': 20000, 'loanRate': '12.0', 'loanTerm': 3, 'loanDateType': 0, 'repaymemtWay': 11, 'biddingDays': 5} - [request.py:30]
2019-02-16 11:25:12,946 - request - INFO - method: POST  url: http://test.lemonban.com/futureloan/mvc/api/loan/audit - [request.py:29]
2019-02-16 11:25:12,948 - request - INFO - data: {'id': '12425', 'status': 4} - [request.py:30]
2019-02-16 11:25:12,979 - request - INFO - response: {"status":1,"code":"10001","data":null,"msg":"更新状态成功：竞标开始，当前标为竞标中状态"} - [request.py:38]
2019-02-16 11:25:13,113 - request - INFO - method: GET  url: http://test.lemonban.com/futureloan/mvc/api/member/login - [request.py:29]
2019-02-16 11:25:13,119 - request - INFO - data: {'mobilephone': '15810447656', 'pwd': '123456'} - [request.py:30]
2019-02-16 11:25:13,279 - request - INFO - method: POST  url: http://test.lemonban.com/futureloan/mvc/api/member/bidLoan - [request.py:29]
2019-02-16 11:25:13,289 - request - INFO - data: {'memberId': '1112171', 'password': '123456', 'loanId': '12425', 'amount': '100'} - [request.py:30]
2019-02-16 11:25:13,389 - request - INFO - response: {"status":1,"code":"10001","data":null,"msg":"竞标成功"} - [request.py:38]
2019-02-16 11:25:13,592 - request - INFO - method: POST  url: http://test.lemonban.com/futureloan/mvc/api/member/bidLoan - [request.py:29]
2019-02-16 11:25:13,593 - request - INFO - data: {'memberId': '1112171', 'password': '123456', 'loanId': '12425', 'amount': ''} - [request.py:30]
2019-02-16 11:25:13,622 - request - INFO - response: {"status":0,"code":"11003","data":null,"msg":"参数错误:所有参数都不能为空"} - [request.py:38]
2019-02-16 11:25:13,829 - request - INFO - method: POST  url: http://test.lemonban.com/futureloan/mvc/api/member/bidLoan - [request.py:29]
2019-02-16 11:25:13,834 - request - INFO - data: {'memberId': '1112171', 'password': '123456', 'loanId': '12425', 'amount': '-100'} - [request.py:30]
2019-02-16 11:25:13,858 - request - INFO - response: {"status":0,"code":"11007","data":null,"msg":"参数错误，投资金额必须是能被100整除的正整数"} - [request.py:38]
2019-02-16 11:25:13,953 - case - INFO - 开始执行第1用例 - [test_login.py:34]
2019-02-16 11:25:13,953 - case - INFO - 开始执行第1用例 - [test_login.py:34]
2019-02-16 11:25:13,957 - request - INFO - method: GET  url: http://test.lemonban.com/futureloan/mvc/api/member/login - [request.py:29]
2019-02-16 11:25:13,958 - request - INFO - data: {'mobilephone': '15810447656', 'pwd': '123456'} - [request.py:30]
2019-02-16 11:25:14,076 - case - INFO - 第1用例执行结果：PASS - [test_login.py:42]
2019-02-16 11:25:14,076 - case - INFO - 第1用例执行结果：PASS - [test_login.py:42]
2019-02-16 11:25:14,082 - case - INFO - 开始执行第2用例 - [test_login.py:34]
2019-02-16 11:25:14,082 - case - INFO - 开始执行第2用例 - [test_login.py:34]
2019-02-16 11:25:14,086 - request - INFO - method: POST  url: http://test.lemonban.com/futureloan/mvc/api/member/login - [request.py:29]
2019-02-16 11:25:14,087 - request - INFO - data: {'mobilephone': '15800447656', 'pwd': '12345678'} - [request.py:30]
2019-02-16 11:25:14,117 - request - INFO - response: {"status":0,"code":"20111","data":null,"msg":"用户名或密码错误"} - [request.py:38]
2019-02-16 11:25:14,186 - case - INFO - 第2用例执行结果：PASS - [test_login.py:42]
2019-02-16 11:25:14,186 - case - INFO - 第2用例执行结果：PASS - [test_login.py:42]
2019-02-16 11:25:14,209 - case - INFO - 开始执行第3用例 - [test_login.py:34]
2019-02-16 11:25:14,209 - case - INFO - 开始执行第3用例 - [test_login.py:34]
2019-02-16 11:25:14,214 - request - INFO - method: GET  url: http://test.lemonban.com/futureloan/mvc/api/member/login - [request.py:29]
2019-02-16 11:25:14,215 - request - INFO - data: {'mobilephone': '15800447656', 'pwd': ''} - [request.py:30]
2019-02-16 11:25:14,300 - case - INFO - 第3用例执行结果：PASS - [test_login.py:42]
2019-02-16 11:25:14,300 - case - INFO - 第3用例执行结果：PASS - [test_login.py:42]
2019-02-16 11:25:14,307 - case - INFO - 开始执行第4用例 - [test_login.py:34]
2019-02-16 11:25:14,307 - case - INFO - 开始执行第4用例 - [test_login.py:34]
2019-02-16 11:25:14,310 - request - INFO - method: POST  url: http://test.lemonban.com/futureloan/mvc/api/member/login - [request.py:29]
2019-02-16 11:25:14,312 - request - INFO - data: {'mobilephone': '', 'pwd': '123456'} - [request.py:30]
2019-02-16 11:25:14,337 - request - INFO - response: {"status":0,"code":"20103","data":null,"msg":"手机号不能为空"} - [request.py:38]
2019-02-16 11:25:14,404 - case - INFO - 第4用例执行结果：PASS - [test_login.py:42]
2019-02-16 11:25:14,404 - case - INFO - 第4用例执行结果：PASS - [test_login.py:42]
2019-02-16 11:25:14,409 - request - INFO - method: GET  url: http://test.lemonban.com/futureloan/mvc/api/member/login - [request.py:29]
2019-02-16 11:25:14,410 - request - INFO - data: {'mobilephone': '15810447656', 'pwd': '123456'} - [request.py:30]
2019-02-16 11:25:14,527 - request - INFO - method: POST  url: http://test.lemonban.com/futureloan/mvc/api/member/recharge - [request.py:29]
2019-02-16 11:25:14,528 - request - INFO - data: {'mobilephone': '15810447656', 'amount': '100'} - [request.py:30]
2019-02-16 11:25:14,568 - request - INFO - response: {"status":1,"code":"10001","data":{"id":1112171,"regname":"小蜜蜂","pwd":"E10ADC3949BA59ABBE56E057F20F883E","mobilephone":"15810447656","leaveamount":"6000.00","type":"1","regtime":"2018-12-28 21:26:28.0"},"msg":"充值成功"} - [request.py:38]
2019-02-16 11:25:14,635 - request - INFO - method: GET  url: http://test.lemonban.com/futureloan/mvc/api/member/recharge - [request.py:29]
2019-02-16 11:25:14,635 - request - INFO - data: {'mobilephone': '12345678985', 'amount': ''} - [request.py:30]
2019-02-16 11:25:14,731 - request - INFO - method: POST  url: http://test.lemonban.com/futureloan/mvc/api/member/recharge - [request.py:29]
2019-02-16 11:25:14,731 - request - INFO - data: {'mobilephone': '15810447656', 'amount': '33.2222'} - [request.py:30]
2019-02-16 11:25:14,763 - request - INFO - response: {"status":0,"code":"20116","data":null,"msg":"输入金额的金额小数不能超过两位"} - [request.py:38]
2019-02-16 11:25:14,835 - request - INFO - method: POST  url: http://test.lemonban.com/futureloan/mvc/api/member/recharge - [request.py:29]
2019-02-16 11:25:14,835 - request - INFO - data: {'mobilephone': '15810447656', 'amount': '-200'} - [request.py:30]
2019-02-16 11:25:14,861 - request - INFO - response: {"status":0,"code":"20117","data":null,"msg":"请输入范围在0到50万之间的正数金额"} - [request.py:38]
2019-02-16 11:25:24,482 - request - INFO - method: GET  url: http://test.lemonban.com/futureloan/mvc/api/member/register - [request.py:29]
2019-02-16 11:25:24,482 - request - INFO - data: {'mobilephone': 18937477066, 'pwd': '123456'} - [request.py:30]
2019-02-16 11:25:28,802 - request - INFO - method: POST  url: http://test.lemonban.com/futureloan/mvc/api/member/register - [request.py:29]
2019-02-16 11:25:28,803 - request - INFO - data: {'mobilephone': '15800447656', 'pwd': ''} - [request.py:30]
2019-02-16 11:25:28,831 - request - INFO - response: {"status":0,"code":"20103","data":null,"msg":"密码不能为空"} - [request.py:38]
2019-02-16 11:25:31,030 - request - INFO - method: GET  url: http://test.lemonban.com/futureloan/mvc/api/member/register - [request.py:29]
2019-02-16 11:25:31,034 - request - INFO - data: {'mobilephone': '', 'pwd': '12345678'} - [request.py:30]
2019-02-16 11:25:31,282 - request - INFO - method: POST  url: http://test.lemonban.com/futureloan/mvc/api/member/register - [request.py:29]
2019-02-16 11:25:31,282 - request - INFO - data: {'mobilephone': '13800000000', 'pwd': '12345678'} - [request.py:30]
2019-02-16 11:25:31,310 - request - INFO - response: {"status":0,"code":"20110","data":null,"msg":"手机号码已被注册"} - [request.py:38]
2019-02-16 17:24:47,322 - request - INFO - method: GET  url: http://test.lemonban.com/futureloan/mvc/api/member/login - [request.py:29]
2019-02-16 17:24:47,322 - request - INFO - data: {'mobilephone': '15873171553', 'pwd': '123456'} - [request.py:30]
2019-02-16 17:24:47,454 - request - INFO - method: GET  url: http://test.lemonban.com/futureloan/mvc/api/loan/add - [request.py:29]
2019-02-16 17:24:47,454 - request - INFO - data: {'memberId': '1116521', 'title': '试试人品行不行，借个2W玩玩', 'amount': 20000, 'loanRate': '12.0', 'loanTerm': 3, 'loanDateType': 0, 'repaymemtWay': 11, 'biddingDays': 5} - [request.py:30]
2019-02-16 17:24:47,566 - request - INFO - method: POST  url: http://test.lemonban.com/futureloan/mvc/api/loan/audit - [request.py:29]
2019-02-16 17:24:47,566 - request - INFO - data: {'id': '12496', 'status': 4} - [request.py:30]
2019-02-16 17:24:47,605 - request - INFO - response: {"status":1,"code":"10001","data":null,"msg":"更新状态成功：竞标开始，当前标为竞标中状态"} - [request.py:38]
2019-02-16 17:24:47,652 - request - INFO - method: GET  url: http://test.lemonban.com/futureloan/mvc/api/member/login - [request.py:29]
2019-02-16 17:24:47,652 - request - INFO - data: {'mobilephone': '15810447656', 'pwd': '123456'} - [request.py:30]
2019-02-16 17:24:47,733 - request - INFO - method: POST  url: http://test.lemonban.com/futureloan/mvc/api/member/bidLoan - [request.py:29]
2019-02-16 17:24:47,734 - request - INFO - data: {'memberId': '1112171', 'password': '123456', 'loanId': '12496', 'amount': '100'} - [request.py:30]
2019-02-16 17:24:47,796 - request - INFO - response: {"status":1,"code":"10001","data":null,"msg":"竞标成功"} - [request.py:38]
2019-02-16 17:24:47,839 - request - INFO - method: POST  url: http://test.lemonban.com/futureloan/mvc/api/member/bidLoan - [request.py:29]
2019-02-16 17:24:47,840 - request - INFO - data: {'memberId': '1112171', 'password': '123456', 'loanId': '12496', 'amount': ''} - [request.py:30]
2019-02-16 17:24:47,872 - request - INFO - response: {"status":0,"code":"11003","data":null,"msg":"参数错误:所有参数都不能为空"} - [request.py:38]
2019-02-16 17:24:47,931 - request - INFO - method: POST  url: http://test.lemonban.com/futureloan/mvc/api/member/bidLoan - [request.py:29]
2019-02-16 17:24:47,932 - request - INFO - data: {'memberId': '1112171', 'password': '123456', 'loanId': '12496', 'amount': '-100'} - [request.py:30]
2019-02-16 17:24:47,965 - request - INFO - response: {"status":0,"code":"11007","data":null,"msg":"参数错误，投资金额必须是能被100整除的正整数"} - [request.py:38]
2019-02-16 17:25:52,013 - request - INFO - method: GET  url: http://test.lemonban.com/futureloan/mvc/api/member/register - [request.py:29]
2019-02-16 17:25:52,013 - request - INFO - data: {'mobilephone': 18937477130, 'pwd': '123456'} - [request.py:30]
2019-02-16 17:25:52,136 - request - INFO - method: POST  url: http://test.lemonban.com/futureloan/mvc/api/member/register - [request.py:29]
2019-02-16 17:25:52,136 - request - INFO - data: {'mobilephone': '15800447656', 'pwd': ''} - [request.py:30]
2019-02-16 17:25:52,164 - request - INFO - response: {"status":0,"code":"20103","data":null,"msg":"密码不能为空"} - [request.py:38]
2019-02-16 17:25:52,199 - request - INFO - method: GET  url: http://test.lemonban.com/futureloan/mvc/api/member/register - [request.py:29]
2019-02-16 17:25:52,200 - request - INFO - data: {'mobilephone': '', 'pwd': '12345678'} - [request.py:30]
2019-02-16 17:25:52,264 - request - INFO - method: POST  url: http://test.lemonban.com/futureloan/mvc/api/member/register - [request.py:29]
2019-02-16 17:25:52,265 - request - INFO - data: {'mobilephone': '13800000000', 'pwd': '12345678'} - [request.py:30]
2019-02-16 17:25:52,295 - request - INFO - response: {"status":0,"code":"20110","data":null,"msg":"手机号码已被注册"} - [request.py:38]
2019-02-16 17:26:02,444 - request - INFO - method: GET  url: http://test.lemonban.com/futureloan/mvc/api/member/login - [request.py:29]
2019-02-16 17:26:02,444 - request - INFO - data: {'mobilephone': '15873171553', 'pwd': '123456'} - [request.py:30]
2019-02-16 17:26:02,529 - request - INFO - method: GET  url: http://test.lemonban.com/futureloan/mvc/api/loan/add - [request.py:29]
2019-02-16 17:26:02,529 - request - INFO - data: {'memberId': '1116521', 'title': '试试人品行不行，借个2W玩玩', 'amount': 20000, 'loanRate': '12.0', 'loanTerm': 3, 'loanDateType': 0, 'repaymemtWay': 11, 'biddingDays': 5} - [request.py:30]
2019-02-16 17:26:02,623 - request - INFO - method: POST  url: http://test.lemonban.com/futureloan/mvc/api/loan/audit - [request.py:29]
2019-02-16 17:26:02,623 - request - INFO - data: {'id': '12497', 'status': 4} - [request.py:30]
2019-02-16 17:26:02,653 - request - INFO - response: {"status":1,"code":"10001","data":null,"msg":"更新状态成功：竞标开始，当前标为竞标中状态"} - [request.py:38]
2019-02-16 17:26:02,692 - request - INFO - method: GET  url: http://test.lemonban.com/futureloan/mvc/api/member/login - [request.py:29]
2019-02-16 17:26:02,693 - request - INFO - data: {'mobilephone': '15810447656', 'pwd': '123456'} - [request.py:30]
2019-02-16 17:26:02,754 - request - INFO - method: POST  url: http://test.lemonban.com/futureloan/mvc/api/member/bidLoan - [request.py:29]
2019-02-16 17:26:02,755 - request - INFO - data: {'memberId': '1112171', 'password': '123456', 'loanId': '12497', 'amount': '100'} - [request.py:30]
2019-02-16 17:26:02,809 - request - INFO - response: {"status":1,"code":"10001","data":null,"msg":"竞标成功"} - [request.py:38]
2019-02-16 17:26:02,843 - request - INFO - method: POST  url: http://test.lemonban.com/futureloan/mvc/api/member/bidLoan - [request.py:29]
2019-02-16 17:26:02,844 - request - INFO - data: {'memberId': '1112171', 'password': '123456', 'loanId': '12497', 'amount': ''} - [request.py:30]
2019-02-16 17:26:02,867 - request - INFO - response: {"status":0,"code":"11003","data":null,"msg":"参数错误:所有参数都不能为空"} - [request.py:38]
2019-02-16 17:26:02,908 - request - INFO - method: POST  url: http://test.lemonban.com/futureloan/mvc/api/member/bidLoan - [request.py:29]
2019-02-16 17:26:02,909 - request - INFO - data: {'memberId': '1112171', 'password': '123456', 'loanId': '12497', 'amount': '-100'} - [request.py:30]
2019-02-16 17:26:02,931 - request - INFO - response: {"status":0,"code":"11007","data":null,"msg":"参数错误，投资金额必须是能被100整除的正整数"} - [request.py:38]
2019-02-16 17:26:02,966 - case - INFO - 开始执行第1用例 - [test_login.py:34]
2019-02-16 17:26:02,966 - case - INFO - 开始执行第1用例 - [test_login.py:34]
2019-02-16 17:26:02,968 - request - INFO - method: GET  url: http://test.lemonban.com/futureloan/mvc/api/member/login - [request.py:29]
2019-02-16 17:26:02,968 - request - INFO - data: {'mobilephone': '15810447656', 'pwd': '123456'} - [request.py:30]
2019-02-16 17:26:03,061 - case - INFO - 第1用例执行结果：PASS - [test_login.py:42]
2019-02-16 17:26:03,061 - case - INFO - 第1用例执行结果：PASS - [test_login.py:42]
2019-02-16 17:26:03,062 - case - INFO - 开始执行第2用例 - [test_login.py:34]
2019-02-16 17:26:03,062 - case - INFO - 开始执行第2用例 - [test_login.py:34]
2019-02-16 17:26:03,063 - request - INFO - method: POST  url: http://test.lemonban.com/futureloan/mvc/api/member/login - [request.py:29]
2019-02-16 17:26:03,063 - request - INFO - data: {'mobilephone': '15800447656', 'pwd': '12345678'} - [request.py:30]
2019-02-16 17:26:03,094 - request - INFO - response: {"status":0,"code":"20111","data":null,"msg":"用户名或密码错误"} - [request.py:38]
2019-02-16 17:26:03,129 - case - INFO - 第2用例执行结果：PASS - [test_login.py:42]
2019-02-16 17:26:03,129 - case - INFO - 第2用例执行结果：PASS - [test_login.py:42]
2019-02-16 17:26:03,130 - case - INFO - 开始执行第3用例 - [test_login.py:34]
2019-02-16 17:26:03,130 - case - INFO - 开始执行第3用例 - [test_login.py:34]
2019-02-16 17:26:03,131 - request - INFO - method: GET  url: http://test.lemonban.com/futureloan/mvc/api/member/login - [request.py:29]
2019-02-16 17:26:03,132 - request - INFO - data: {'mobilephone': '15800447656', 'pwd': ''} - [request.py:30]
2019-02-16 17:26:03,195 - case - INFO - 第3用例执行结果：PASS - [test_login.py:42]
2019-02-16 17:26:03,195 - case - INFO - 第3用例执行结果：PASS - [test_login.py:42]
2019-02-16 17:26:03,195 - case - INFO - 开始执行第4用例 - [test_login.py:34]
2019-02-16 17:26:03,195 - case - INFO - 开始执行第4用例 - [test_login.py:34]
2019-02-16 17:26:03,197 - request - INFO - method: POST  url: http://test.lemonban.com/futureloan/mvc/api/member/login - [request.py:29]
2019-02-16 17:26:03,197 - request - INFO - data: {'mobilephone': '', 'pwd': '123456'} - [request.py:30]
2019-02-16 17:26:03,223 - request - INFO - response: {"status":0,"code":"20103","data":null,"msg":"手机号不能为空"} - [request.py:38]
2019-02-16 17:26:03,257 - case - INFO - 第4用例执行结果：PASS - [test_login.py:42]
2019-02-16 17:26:03,257 - case - INFO - 第4用例执行结果：PASS - [test_login.py:42]
2019-02-16 17:26:03,259 - request - INFO - method: GET  url: http://test.lemonban.com/futureloan/mvc/api/member/login - [request.py:29]
2019-02-16 17:26:03,260 - request - INFO - data: {'mobilephone': '15810447656', 'pwd': '123456'} - [request.py:30]
2019-02-16 17:26:03,354 - request - INFO - method: POST  url: http://test.lemonban.com/futureloan/mvc/api/member/recharge - [request.py:29]
2019-02-16 17:26:03,354 - request - INFO - data: {'mobilephone': '15810447656', 'amount': '100'} - [request.py:30]
2019-02-16 17:26:03,397 - request - INFO - response: {"status":1,"code":"10001","data":{"id":1112171,"regname":"小蜜蜂","pwd":"E10ADC3949BA59ABBE56E057F20F883E","mobilephone":"15810447656","leaveamount":"6300.00","type":"1","regtime":"2018-12-28 21:26:28.0"},"msg":"充值成功"} - [request.py:38]
2019-02-16 17:26:03,432 - request - INFO - method: GET  url: http://test.lemonban.com/futureloan/mvc/api/member/recharge - [request.py:29]
2019-02-16 17:26:03,432 - request - INFO - data: {'mobilephone': '12345678985', 'amount': ''} - [request.py:30]
2019-02-16 17:26:03,493 - request - INFO - method: POST  url: http://test.lemonban.com/futureloan/mvc/api/member/recharge - [request.py:29]
2019-02-16 17:26:03,493 - request - INFO - data: {'mobilephone': '15810447656', 'amount': '33.2222'} - [request.py:30]
2019-02-16 17:26:03,517 - request - INFO - response: {"status":0,"code":"20116","data":null,"msg":"输入金额的金额小数不能超过两位"} - [request.py:38]
2019-02-16 17:26:03,557 - request - INFO - method: POST  url: http://test.lemonban.com/futureloan/mvc/api/member/recharge - [request.py:29]
2019-02-16 17:26:03,558 - request - INFO - data: {'mobilephone': '15810447656', 'amount': '-200'} - [request.py:30]
2019-02-16 17:26:03,580 - request - INFO - response: {"status":0,"code":"20117","data":null,"msg":"请输入范围在0到50万之间的正数金额"} - [request.py:38]
2019-02-16 17:26:11,765 - request - INFO - method: GET  url: http://test.lemonban.com/futureloan/mvc/api/member/register - [request.py:29]
2019-02-16 17:26:11,765 - request - INFO - data: {'mobilephone': 18937477131, 'pwd': '123456'} - [request.py:30]
2019-02-16 17:26:19,753 - request - INFO - method: POST  url: http://test.lemonban.com/futureloan/mvc/api/member/register - [request.py:29]
2019-02-16 17:26:19,754 - request - INFO - data: {'mobilephone': '15800447656', 'pwd': ''} - [request.py:30]
2019-02-16 17:26:19,780 - request - INFO - response: {"status":0,"code":"20103","data":null,"msg":"密码不能为空"} - [request.py:38]
2019-02-16 17:26:23,777 - request - INFO - method: GET  url: http://test.lemonban.com/futureloan/mvc/api/member/register - [request.py:29]
2019-02-16 17:26:23,777 - request - INFO - data: {'mobilephone': '', 'pwd': '12345678'} - [request.py:30]
2019-02-16 17:26:23,970 - request - INFO - method: POST  url: http://test.lemonban.com/futureloan/mvc/api/member/register - [request.py:29]
2019-02-16 17:26:23,970 - request - INFO - data: {'mobilephone': '13800000000', 'pwd': '12345678'} - [request.py:30]
2019-02-16 17:26:24,000 - request - INFO - response: {"status":0,"code":"20110","data":null,"msg":"手机号码已被注册"} - [request.py:38]
2019-02-18 20:51:23,429 - request - INFO - method: GET  url: http://test.lemonban.com/futureloan/mvc/api/member/register - [request.py:29]
2019-02-18 20:51:23,431 - request - INFO - data: {'mobilephone': 18937477479, 'pwd': '123456'} - [request.py:30]
2019-02-18 20:51:31,707 - request - INFO - method: POST  url: http://test.lemonban.com/futureloan/mvc/api/member/register - [request.py:29]
2019-02-18 20:51:31,707 - request - INFO - data: {'mobilephone': '15800447656', 'pwd': ''} - [request.py:30]
2019-02-18 20:51:31,730 - request - INFO - response: {"status":0,"code":"20103","data":null,"msg":"密码不能为空"} - [request.py:38]
2019-02-18 20:51:37,910 - request - INFO - method: GET  url: http://test.lemonban.com/futureloan/mvc/api/member/register - [request.py:29]
2019-02-18 20:51:37,910 - request - INFO - data: {'mobilephone': '', 'pwd': '12345678'} - [request.py:30]
2019-02-18 20:51:44,079 - request - INFO - method: POST  url: http://test.lemonban.com/futureloan/mvc/api/member/register - [request.py:29]
2019-02-18 20:51:44,079 - request - INFO - data: {'mobilephone': '13800000000', 'pwd': '12345678'} - [request.py:30]
2019-02-18 20:51:44,105 - request - INFO - response: {"status":0,"code":"20110","data":null,"msg":"手机号码已被注册"} - [request.py:38]
2019-02-18 20:58:30,276 - request - INFO - method: GET  url: http://test.lemonban.com/futureloan/mvc/api/member/register - [request.py:29]
2019-02-18 20:58:30,276 - request - INFO - data: {'mobilephone': 18937477482, 'pwd': '123456'} - [request.py:30]
2019-02-18 20:58:38,575 - request - INFO - method: POST  url: http://test.lemonban.com/futureloan/mvc/api/member/register - [request.py:29]
2019-02-18 20:58:38,576 - request - INFO - data: {'mobilephone': '15800447656', 'pwd': ''} - [request.py:30]
2019-02-18 20:58:38,609 - request - INFO - response: {"status":0,"code":"20103","data":null,"msg":"密码不能为空"} - [request.py:38]
2019-02-18 20:58:42,560 - request - INFO - method: GET  url: http://test.lemonban.com/futureloan/mvc/api/member/register - [request.py:29]
2019-02-18 20:58:42,560 - request - INFO - data: {'mobilephone': '', 'pwd': '12345678'} - [request.py:30]
2019-02-18 20:58:48,802 - request - INFO - method: POST  url: http://test.lemonban.com/futureloan/mvc/api/member/register - [request.py:29]
2019-02-18 20:58:48,802 - request - INFO - data: {'mobilephone': '13800000000', 'pwd': '12345678'} - [request.py:30]
2019-02-18 20:58:48,832 - request - INFO - response: {"status":0,"code":"20110","data":null,"msg":"手机号码已被注册"} - [request.py:38]
